[+] Containers:
 |- [+] Container: /Game/Yuchin/Map/Restaurant
 |   |- [+] ActorDescs:
 |   |   |- Guid:0F56551B431D33079BF1FC9638652BCC BaseClass: NativeClass:/Script/Engine.DirectionalLight Name:DirectionalLight_1 Label:DirectionalLight SpatiallyLoaded:0 Bounds:Invalid RuntimeGrid:None EditorOnly:0 RuntimeOnly:0 HLODRelevant:0 ListedInSceneOutliner:1 IsMainWorldOnly:0 FolderPath:Lighting FolderGuid:08A10B054C95868C663DE39EE4343813
 |   |   |- Guid:0FC2C6344266F49ABE646C83E903CE59 BaseClass: NativeClass:/Script/Engine.WorldDataLayers Name:WorldDataLayers Label:WorldDataLayers-1 SpatiallyLoaded:0 Bounds:Invalid RuntimeGrid:None EditorOnly:0 RuntimeOnly:0 HLODRelevant:0 ListedInSceneOutliner:1 IsMainWorldOnly:1
 |   |   |- Guid:190DC62D40863F742BC98CB05168B612 BaseClass: NativeClass:/Script/Engine.StaticMeshActor Name:StaticMeshActor_UAID_A4AE111137DC5EFB00_1594956423 Label:SM_SkySphere SpatiallyLoaded:0 Bounds:IsValid=true, Min=(X=-1638400.000 Y=-1638400.000 Z=-1638400.000), Max=(X=1638400.000 Y=1638400.000 Z=1638400.000) RuntimeGrid:None EditorOnly:0 RuntimeOnly:0 HLODRelevant:0 ListedInSceneOutliner:1 IsMainWorldOnly:0 FolderPath:Lighting FolderGuid:08A10B054C95868C663DE39EE4343813
 |   |   |- Guid:605605A9432AF7B34DAF7A8FCBB81AC4 BaseClass: NativeClass:/Script/Engine.VolumetricCloud Name:VolumetricCloud_1 Label:VolumetricCloud SpatiallyLoaded:0 Bounds:IsValid=true, Min=(X=0.000 Y=0.000 Z=820.000), Max=(X=0.000 Y=0.000 Z=820.000) RuntimeGrid:None EditorOnly:0 RuntimeOnly:0 HLODRelevant:0 ListedInSceneOutliner:1 IsMainWorldOnly:0 FolderPath:Lighting FolderGuid:08A10B054C95868C663DE39EE4343813
 |   |   |- Guid:62957CAF43DC69859873098C2BE6045A BaseClass:/Game/Yuchin/BP/BP_TestServing.BP_TestServing_C NativeClass:/Script/Engine.Actor Name:BP_TestServing_C_UAID_E89C25E0DB43F04202_1860212435 Label:BP_TestServing SpatiallyLoaded:1 Bounds:IsValid=true, Min=(X=746.000 Y=1136.000 Z=-14.000), Max=(X=874.000 Y=1264.000 Z=114.000) RuntimeGrid:None EditorOnly:0 RuntimeOnly:0 HLODRelevant:0 ListedInSceneOutliner:1 IsMainWorldOnly:0
 |   |   |- Guid:6CFD6C1E47521D98C980279F4325565B BaseClass: NativeClass:/Script/Engine.StaticMeshActor Name:StaticMeshActor_43 Label:SM_Cube6 SpatiallyLoaded:1 Bounds:IsValid=true, Min=(X=2900.000 Y=100.000 Z=0.000), Max=(X=3000.000 Y=3400.000 Z=400.000) RuntimeGrid:None EditorOnly:0 RuntimeOnly:0 HLODRelevant:1 ListedInSceneOutliner:1 IsMainWorldOnly:0 FolderPath:Playground FolderGuid:8CD33C9A4E75AD59B95486AC740693D6
 |   |   |- Guid:A2154B954ED0FAAA169B10BE3B05FA89 BaseClass: NativeClass:/Script/Engine.PostProcessVolume Name:PostProcessVolume_0 Label:PostProcessVolume SpatiallyLoaded:0 Bounds:IsValid=true, Min=(X=0.000 Y=0.000 Z=400.000), Max=(X=200.000 Y=200.000 Z=600.000) RuntimeGrid:None EditorOnly:0 RuntimeOnly:0 HLODRelevant:0 ListedInSceneOutliner:1 IsMainWorldOnly:0 FolderPath:Lighting FolderGuid:08A10B054C95868C663DE39EE4343813
 |   |   |- Guid:AEE24BA34A7501EA14FBF3A732516E72 BaseClass:/Game/Yuchin/BP/BP_Customer.BP_Customer_C NativeClass:/Script/Project1.Customer Name:BP_Customer_C_UAID_E89C25E0DB43D84202_1601508208 Label:BP_Customer SpatiallyLoaded:1 Bounds:IsValid=true, Min=(X=998.981 Y=1186.000 Z=-3.426), Max=(X=1143.089 Y=1254.000 Z=183.456) RuntimeGrid:None EditorOnly:0 RuntimeOnly:0 HLODRelevant:0 ListedInSceneOutliner:1 IsMainWorldOnly:0
 |   |   |- Guid:B196ED694CF4E4CE8AAE33ABD89E4DFA BaseClass: NativeClass:/Script/Engine.StaticMeshActor Name:StaticMeshActor_37 Label:SM_Cube3 SpatiallyLoaded:1 Bounds:IsValid=true, Min=(X=0.000 Y=3400.000 Z=0.000), Max=(X=3000.000 Y=3500.000 Z=400.000) RuntimeGrid:None EditorOnly:0 RuntimeOnly:0 HLODRelevant:1 ListedInSceneOutliner:1 IsMainWorldOnly:0 FolderPath:Playground FolderGuid:8CD33C9A4E75AD59B95486AC740693D6
 |   |   |- Guid:B9A03F0E4160F3A898E9E18C91AA1AC0 BaseClass: NativeClass:/Script/Engine.ExponentialHeightFog Name:ExponentialHeightFog_1 Label:ExponentialHeightFog SpatiallyLoaded:0 Bounds:IsValid=true, Min=(X=-5600.000 Y=-50.000 Z=-6850.000), Max=(X=-5600.000 Y=-50.000 Z=-6850.000) RuntimeGrid:None EditorOnly:0 RuntimeOnly:0 HLODRelevant:0 ListedInSceneOutliner:1 IsMainWorldOnly:0 FolderPath:Lighting FolderGuid:08A10B054C95868C663DE39EE4343813
 |   |   |- Guid:BC8A5002476D48296A0319B9AE58EA6D BaseClass: NativeClass:/Script/Engine.PlayerStart Name:PlayerStart_0 Label:PlayerStart SpatiallyLoaded:0 Bounds:IsValid=true, Min=(X=490.000 Y=1210.000 Z=0.013), Max=(X=570.000 Y=1290.000 Z=184.013) RuntimeGrid:None EditorOnly:0 RuntimeOnly:0 HLODRelevant:0 ListedInSceneOutliner:1 IsMainWorldOnly:0
 |   |   |- Guid:C5B3CF6949150FDE39A22986C68F67B3 BaseClass: NativeClass:/Script/Engine.StaticMeshActor Name:StaticMeshActor_42 Label:SM_Cube5 SpatiallyLoaded:1 Bounds:IsValid=true, Min=(X=-0.000 Y=100.000 Z=0.000), Max=(X=100.000 Y=3400.000 Z=400.000) RuntimeGrid:None EditorOnly:0 RuntimeOnly:0 HLODRelevant:1 ListedInSceneOutliner:1 IsMainWorldOnly:0 FolderPath:Playground FolderGuid:8CD33C9A4E75AD59B95486AC740693D6
 |   |   |- Guid:D2CE2A1949339351B4A33E9FFB85AFC8 BaseClass: NativeClass:/Script/Engine.SkyAtmosphere Name:SkyAtmosphere_1 Label:SkyAtmosphere SpatiallyLoaded:0 Bounds:IsValid=true, Min=(X=0.000 Y=0.000 Z=1020.000), Max=(X=0.000 Y=0.000 Z=1020.000) RuntimeGrid:None EditorOnly:0 RuntimeOnly:0 HLODRelevant:0 ListedInSceneOutliner:1 IsMainWorldOnly:0 FolderPath:Lighting FolderGuid:08A10B054C95868C663DE39EE4343813
 |   |   |- Guid:DD8281F64E0B6DE781C9C4A46B9956D1 BaseClass: NativeClass:/Script/Engine.TextRenderActor Name:TextRenderActor_1 Label:TextRenderActor SpatiallyLoaded:1 Bounds:IsValid=true, Min=(X=-0.100 Y=1100.000 Z=65.013), Max=(X=-0.100 Y=2392.308 Z=215.013) RuntimeGrid:None EditorOnly:0 RuntimeOnly:0 HLODRelevant:0 ListedInSceneOutliner:1 IsMainWorldOnly:0
 |   |   |- Guid:EC3E39A6439393CC2F48A29C008B0E3C BaseClass: NativeClass:/Script/Engine.StaticMeshActor Name:StaticMeshActor_33 Label:SM_Cube SpatiallyLoaded:1 Bounds:IsValid=true, Min=(X=0.000 Y=0.000 Z=-50.000), Max=(X=3000.000 Y=3500.000 Z=0.000) RuntimeGrid:None EditorOnly:0 RuntimeOnly:0 HLODRelevant:1 ListedInSceneOutliner:1 IsMainWorldOnly:0 FolderPath:Playground FolderGuid:8CD33C9A4E75AD59B95486AC740693D6
 |   |   |- Guid:F4DD44114D67F051C1FD8A83B8123346 BaseClass: NativeClass:/Script/Engine.SkyLight Name:SkyLight_0 Label:SkyLight SpatiallyLoaded:0 Bounds:IsValid=true, Min=(X=0.000 Y=0.000 Z=690.000), Max=(X=0.000 Y=0.000 Z=690.000) RuntimeGrid:None EditorOnly:0 RuntimeOnly:0 HLODRelevant:0 ListedInSceneOutliner:1 IsMainWorldOnly:0 FolderPath:Lighting FolderGuid:08A10B054C95868C663DE39EE4343813
 |   |   |- Guid:F7057280433B805397F79FBCA7D71FF7 BaseClass: NativeClass:/Script/Engine.StaticMeshActor Name:StaticMeshActor_36 Label:SM_Cube2 SpatiallyLoaded:1 Bounds:IsValid=true, Min=(X=0.000 Y=0.000 Z=0.000), Max=(X=3000.000 Y=100.000 Z=400.000) RuntimeGrid:None EditorOnly:0 RuntimeOnly:0 HLODRelevant:1 ListedInSceneOutliner:1 IsMainWorldOnly:0 FolderPath:Playground FolderGuid:8CD33C9A4E75AD59B95486AC740693D6
 |   |- [+] Clusters:
 |   |   |- [+] [  0]
 |   |   |   |- Guid:0F56551B431D33079BF1FC9638652BCC BaseClass: NativeClass:/Script/Engine.DirectionalLight Name:DirectionalLight_1 Label:DirectionalLight SpatiallyLoaded:0 Bounds:Invalid RuntimeGrid:None EditorOnly:0 RuntimeOnly:0 HLODRelevant:0 ListedInSceneOutliner:1 IsMainWorldOnly:0 FolderPath:Lighting FolderGuid:08A10B054C95868C663DE39EE4343813
 |   |   |- [+] [  1]
 |   |   |   |- Guid:0FC2C6344266F49ABE646C83E903CE59 BaseClass: NativeClass:/Script/Engine.WorldDataLayers Name:WorldDataLayers Label:WorldDataLayers-1 SpatiallyLoaded:0 Bounds:Invalid RuntimeGrid:None EditorOnly:0 RuntimeOnly:0 HLODRelevant:0 ListedInSceneOutliner:1 IsMainWorldOnly:1
 |   |   |- [+] [  2]
 |   |   |   |- Guid:190DC62D40863F742BC98CB05168B612 BaseClass: NativeClass:/Script/Engine.StaticMeshActor Name:StaticMeshActor_UAID_A4AE111137DC5EFB00_1594956423 Label:SM_SkySphere SpatiallyLoaded:0 Bounds:IsValid=true, Min=(X=-1638400.000 Y=-1638400.000 Z=-1638400.000), Max=(X=1638400.000 Y=1638400.000 Z=1638400.000) RuntimeGrid:None EditorOnly:0 RuntimeOnly:0 HLODRelevant:0 ListedInSceneOutliner:1 IsMainWorldOnly:0 FolderPath:Lighting FolderGuid:08A10B054C95868C663DE39EE4343813
 |   |   |- [+] [  3]
 |   |   |   |- Guid:605605A9432AF7B34DAF7A8FCBB81AC4 BaseClass: NativeClass:/Script/Engine.VolumetricCloud Name:VolumetricCloud_1 Label:VolumetricCloud SpatiallyLoaded:0 Bounds:IsValid=true, Min=(X=0.000 Y=0.000 Z=820.000), Max=(X=0.000 Y=0.000 Z=820.000) RuntimeGrid:None EditorOnly:0 RuntimeOnly:0 HLODRelevant:0 ListedInSceneOutliner:1 IsMainWorldOnly:0 FolderPath:Lighting FolderGuid:08A10B054C95868C663DE39EE4343813
 |   |   |- [+] [  4]
 |   |   |   |- Guid:62957CAF43DC69859873098C2BE6045A BaseClass:/Game/Yuchin/BP/BP_TestServing.BP_TestServing_C NativeClass:/Script/Engine.Actor Name:BP_TestServing_C_UAID_E89C25E0DB43F04202_1860212435 Label:BP_TestServing SpatiallyLoaded:1 Bounds:IsValid=true, Min=(X=746.000 Y=1136.000 Z=-14.000), Max=(X=874.000 Y=1264.000 Z=114.000) RuntimeGrid:None EditorOnly:0 RuntimeOnly:0 HLODRelevant:0 ListedInSceneOutliner:1 IsMainWorldOnly:0
 |   |   |- [+] [  5]
 |   |   |   |- Guid:6CFD6C1E47521D98C980279F4325565B BaseClass: NativeClass:/Script/Engine.StaticMeshActor Name:StaticMeshActor_43 Label:SM_Cube6 SpatiallyLoaded:1 Bounds:IsValid=true, Min=(X=2900.000 Y=100.000 Z=0.000), Max=(X=3000.000 Y=3400.000 Z=400.000) RuntimeGrid:None EditorOnly:0 RuntimeOnly:0 HLODRelevant:1 ListedInSceneOutliner:1 IsMainWorldOnly:0 FolderPath:Playground FolderGuid:8CD33C9A4E75AD59B95486AC740693D6
 |   |   |- [+] [  6]
 |   |   |   |- Guid:A2154B954ED0FAAA169B10BE3B05FA89 BaseClass: NativeClass:/Script/Engine.PostProcessVolume Name:PostProcessVolume_0 Label:PostProcessVolume SpatiallyLoaded:0 Bounds:IsValid=true, Min=(X=0.000 Y=0.000 Z=400.000), Max=(X=200.000 Y=200.000 Z=600.000) RuntimeGrid:None EditorOnly:0 RuntimeOnly:0 HLODRelevant:0 ListedInSceneOutliner:1 IsMainWorldOnly:0 FolderPath:Lighting FolderGuid:08A10B054C95868C663DE39EE4343813
 |   |   |- [+] [  7]
 |   |   |   |- Guid:AEE24BA34A7501EA14FBF3A732516E72 BaseClass:/Game/Yuchin/BP/BP_Customer.BP_Customer_C NativeClass:/Script/Project1.Customer Name:BP_Customer_C_UAID_E89C25E0DB43D84202_1601508208 Label:BP_Customer SpatiallyLoaded:1 Bounds:IsValid=true, Min=(X=998.981 Y=1186.000 Z=-3.426), Max=(X=1143.089 Y=1254.000 Z=183.456) RuntimeGrid:None EditorOnly:0 RuntimeOnly:0 HLODRelevant:0 ListedInSceneOutliner:1 IsMainWorldOnly:0
 |   |   |- [+] [  8]
 |   |   |   |- Guid:B196ED694CF4E4CE8AAE33ABD89E4DFA BaseClass: NativeClass:/Script/Engine.StaticMeshActor Name:StaticMeshActor_37 Label:SM_Cube3 SpatiallyLoaded:1 Bounds:IsValid=true, Min=(X=0.000 Y=3400.000 Z=0.000), Max=(X=3000.000 Y=3500.000 Z=400.000) RuntimeGrid:None EditorOnly:0 RuntimeOnly:0 HLODRelevant:1 ListedInSceneOutliner:1 IsMainWorldOnly:0 FolderPath:Playground FolderGuid:8CD33C9A4E75AD59B95486AC740693D6
 |   |   |- [+] [  9]
 |   |   |   |- Guid:B9A03F0E4160F3A898E9E18C91AA1AC0 BaseClass: NativeClass:/Script/Engine.ExponentialHeightFog Name:ExponentialHeightFog_1 Label:ExponentialHeightFog SpatiallyLoaded:0 Bounds:IsValid=true, Min=(X=-5600.000 Y=-50.000 Z=-6850.000), Max=(X=-5600.000 Y=-50.000 Z=-6850.000) RuntimeGrid:None EditorOnly:0 RuntimeOnly:0 HLODRelevant:0 ListedInSceneOutliner:1 IsMainWorldOnly:0 FolderPath:Lighting FolderGuid:08A10B054C95868C663DE39EE4343813
 |   |   |- [+] [ 10]
 |   |   |   |- Guid:BC8A5002476D48296A0319B9AE58EA6D BaseClass: NativeClass:/Script/Engine.PlayerStart Name:PlayerStart_0 Label:PlayerStart SpatiallyLoaded:0 Bounds:IsValid=true, Min=(X=490.000 Y=1210.000 Z=0.013), Max=(X=570.000 Y=1290.000 Z=184.013) RuntimeGrid:None EditorOnly:0 RuntimeOnly:0 HLODRelevant:0 ListedInSceneOutliner:1 IsMainWorldOnly:0
 |   |   |- [+] [ 11]
 |   |   |   |- Guid:C5B3CF6949150FDE39A22986C68F67B3 BaseClass: NativeClass:/Script/Engine.StaticMeshActor Name:StaticMeshActor_42 Label:SM_Cube5 SpatiallyLoaded:1 Bounds:IsValid=true, Min=(X=-0.000 Y=100.000 Z=0.000), Max=(X=100.000 Y=3400.000 Z=400.000) RuntimeGrid:None EditorOnly:0 RuntimeOnly:0 HLODRelevant:1 ListedInSceneOutliner:1 IsMainWorldOnly:0 FolderPath:Playground FolderGuid:8CD33C9A4E75AD59B95486AC740693D6
 |   |   |- [+] [ 12]
 |   |   |   |- Guid:D2CE2A1949339351B4A33E9FFB85AFC8 BaseClass: NativeClass:/Script/Engine.SkyAtmosphere Name:SkyAtmosphere_1 Label:SkyAtmosphere SpatiallyLoaded:0 Bounds:IsValid=true, Min=(X=0.000 Y=0.000 Z=1020.000), Max=(X=0.000 Y=0.000 Z=1020.000) RuntimeGrid:None EditorOnly:0 RuntimeOnly:0 HLODRelevant:0 ListedInSceneOutliner:1 IsMainWorldOnly:0 FolderPath:Lighting FolderGuid:08A10B054C95868C663DE39EE4343813
 |   |   |- [+] [ 13]
 |   |   |   |- Guid:DD8281F64E0B6DE781C9C4A46B9956D1 BaseClass: NativeClass:/Script/Engine.TextRenderActor Name:TextRenderActor_1 Label:TextRenderActor SpatiallyLoaded:1 Bounds:IsValid=true, Min=(X=-0.100 Y=1100.000 Z=65.013), Max=(X=-0.100 Y=2392.308 Z=215.013) RuntimeGrid:None EditorOnly:0 RuntimeOnly:0 HLODRelevant:0 ListedInSceneOutliner:1 IsMainWorldOnly:0
 |   |   |- [+] [ 14]
 |   |   |   |- Guid:EC3E39A6439393CC2F48A29C008B0E3C BaseClass: NativeClass:/Script/Engine.StaticMeshActor Name:StaticMeshActor_33 Label:SM_Cube SpatiallyLoaded:1 Bounds:IsValid=true, Min=(X=0.000 Y=0.000 Z=-50.000), Max=(X=3000.000 Y=3500.000 Z=0.000) RuntimeGrid:None EditorOnly:0 RuntimeOnly:0 HLODRelevant:1 ListedInSceneOutliner:1 IsMainWorldOnly:0 FolderPath:Playground FolderGuid:8CD33C9A4E75AD59B95486AC740693D6
 |   |   |- [+] [ 15]
 |   |   |   |- Guid:F4DD44114D67F051C1FD8A83B8123346 BaseClass: NativeClass:/Script/Engine.SkyLight Name:SkyLight_0 Label:SkyLight SpatiallyLoaded:0 Bounds:IsValid=true, Min=(X=0.000 Y=0.000 Z=690.000), Max=(X=0.000 Y=0.000 Z=690.000) RuntimeGrid:None EditorOnly:0 RuntimeOnly:0 HLODRelevant:0 ListedInSceneOutliner:1 IsMainWorldOnly:0 FolderPath:Lighting FolderGuid:08A10B054C95868C663DE39EE4343813
 |   |   |- [+] [ 16]
 |   |   |   |- Guid:F7057280433B805397F79FBCA7D71FF7 BaseClass: NativeClass:/Script/Engine.StaticMeshActor Name:StaticMeshActor_36 Label:SM_Cube2 SpatiallyLoaded:1 Bounds:IsValid=true, Min=(X=0.000 Y=0.000 Z=0.000), Max=(X=3000.000 Y=100.000 Z=400.000) RuntimeGrid:None EditorOnly:0 RuntimeOnly:0 HLODRelevant:1 ListedInSceneOutliner:1 IsMainWorldOnly:0 FolderPath:Playground FolderGuid:8CD33C9A4E75AD59B95486AC740693D6
 |- ContainerInstances:
 |- [+] MainContainer:
 |   |-        ID: 00000000000000000000000000000000
 |   |-  ParentID: 00000000000000000000000000000000
 |   |-    Bounds: IsValid=false, Min=(X=0.000 Y=0.000 Z=0.000), Max=(X=0.000 Y=0.000 Z=0.000)
 |   |- Transform: 0.000000,0.000000,0.000000|0.000000,0.000000,-0.000000|1.000000,1.000000,1.000000
 |   |- Container: /Game/Yuchin/Map/Restaurant
----------------------------------------------------------------------------------------------------------------
Restaurant - Persistent Level
----------------------------------------------------------------------------------------------------------------
[+] Content of Restaurant Persistent Level
 |- Always loaded Actor Count: 17 
 |- Actor Path: /Game/Yuchin/Map/Restaurant.Restaurant:PersistentLevel.BP_Customer_C_UAID_E89C25E0DB43D84202_1601508208
 |- Actor Package: /Game/__ExternalActors__/Yuchin/Map/Restaurant/0/GM/R60G3HFPAPC2IR7H6N59O7
 |- Actor Path: /Game/Yuchin/Map/Restaurant.Restaurant:PersistentLevel.BP_TestServing_C_UAID_E89C25E0DB43F04202_1860212435
 |- Actor Package: /Game/__ExternalActors__/Yuchin/Map/Restaurant/E/WB/VRWJZSJ604K40NPEJ62RIU
 |- Actor Path: /Game/Yuchin/Map/Restaurant.Restaurant:PersistentLevel.DirectionalLight_1
 |- Actor Package: /Game/__ExternalActors__/Yuchin/Map/Restaurant/A/91/X50OKYLCSE9KGNAUN50R3T
 |- Actor Path: /Game/Yuchin/Map/Restaurant.Restaurant:PersistentLevel.ExponentialHeightFog_1
 |- Actor Package: /Game/__ExternalActors__/Yuchin/Map/Restaurant/A/UE/11DP39BMBTXQZ2Q0O4RKGJ
 |- Actor Path: /Game/Yuchin/Map/Restaurant.Restaurant:PersistentLevel.PlayerStart_0
 |- Actor Package: /Game/__ExternalActors__/Yuchin/Map/Restaurant/6/6J/SVPODQ8KRWKYR7EDF4ZGHK
 |- Actor Path: /Game/Yuchin/Map/Restaurant.Restaurant:PersistentLevel.PostProcessVolume_0
 |- Actor Package: /Game/__ExternalActors__/Yuchin/Map/Restaurant/C/S9/9DCK3CF1W6Q1XYAEGDP14O
 |- Actor Path: /Game/Yuchin/Map/Restaurant.Restaurant:PersistentLevel.SkyAtmosphere_1
 |- Actor Package: /Game/__ExternalActors__/Yuchin/Map/Restaurant/A/RD/4XQZA5AWX0HWQ8XH2UI160
 |- Actor Path: /Game/Yuchin/Map/Restaurant.Restaurant:PersistentLevel.SkyLight_0
 |- Actor Package: /Game/__ExternalActors__/Yuchin/Map/Restaurant/0/9O/MGKKH3O6FQPUMP24JGB11W
 |- Actor Path: /Game/Yuchin/Map/Restaurant.Restaurant:PersistentLevel.StaticMeshActor_33
 |- Actor Package: /Game/__ExternalActors__/Yuchin/Map/Restaurant/A/QY/2OE9XD7GU8269D70MATVO9
 |- Actor Path: /Game/Yuchin/Map/Restaurant.Restaurant:PersistentLevel.StaticMeshActor_36
 |- Actor Package: /Game/__ExternalActors__/Yuchin/Map/Restaurant/6/L5/ON4WSIPPRQVDQ68HPLAYLR
 |- Actor Path: /Game/Yuchin/Map/Restaurant.Restaurant:PersistentLevel.StaticMeshActor_37
 |- Actor Package: /Game/__ExternalActors__/Yuchin/Map/Restaurant/9/78/FMKEALXKK6CL6PEIUO27IM
 |- Actor Path: /Game/Yuchin/Map/Restaurant.Restaurant:PersistentLevel.StaticMeshActor_42
 |- Actor Package: /Game/__ExternalActors__/Yuchin/Map/Restaurant/6/O7/P3T7BTVNZV36H07K0LALX6
 |- Actor Path: /Game/Yuchin/Map/Restaurant.Restaurant:PersistentLevel.StaticMeshActor_43
 |- Actor Package: /Game/__ExternalActors__/Yuchin/Map/Restaurant/0/ZU/ZFUXIUYV1NR9J8N0S8L8KM
 |- Actor Path: /Game/Yuchin/Map/Restaurant.Restaurant:PersistentLevel.StaticMeshActor_UAID_A4AE111137DC5EFB00_1594956423
 |- Actor Package: /Game/__ExternalActors__/Yuchin/Map/Restaurant/5/RX/LHE03AQZHWOC5JL1SJ77R5
 |- Actor Path: /Game/Yuchin/Map/Restaurant.Restaurant:PersistentLevel.TextRenderActor_1
 |- Actor Package: /Game/__ExternalActors__/Yuchin/Map/Restaurant/1/RU/YN8A33V9NP63TC1NCR49MU
 |- Actor Path: /Game/Yuchin/Map/Restaurant.Restaurant:PersistentLevel.VolumetricCloud_1
 |- Actor Package: /Game/__ExternalActors__/Yuchin/Map/Restaurant/2/5E/2NXCAK8DVNCG5JSSLD3CON
 |- Actor Path: /Game/Yuchin/Map/Restaurant.Restaurant:PersistentLevel.WorldDataLayers
 |- Actor Package: /Game/__ExternalActors__/Yuchin/Map/Restaurant/A/65/OFA6RF9EALTYOUNICMB3EH

----------------------------------------------------------------------------------------------------------------
Restaurant - Runtime Hash Set
----------------------------------------------------------------------------------------------------------------

